<?xml version="1.0" encoding="UTF-8"?>
<!-- Generated by org.testng.reporters.JUnitXMLReporter -->
<testsuite hostname="sys" ignored="0" name="CRM test  cases" tests="8" failures="1" timestamp="23 Nov 2019 07:48:12 GMT" time="217.85" errors="0">
  <testcase name="LoginPageTitleTest" time="0.065" classname="com.crm.qa.testcases.LoginPageTest"/>
  <testcase name="verifyHomePageTitleTest" time="7.049" classname="com.crm.qa.testcases.HomePageTest"/>
  <testcase name="verifyContactPageLabel" time="0.577" classname="com.crm.qa.testcases.ContactsPageTest"/>
  <testcase name="CRMLogoTest" time="3.243" classname="com.crm.qa.testcases.LoginPageTest"/>
  <testcase name="VerifyUserNameTest" time="2.439" classname="com.crm.qa.testcases.HomePageTest"/>
  <testcase name="selectcontact" time="10.16" classname="com.crm.qa.testcases.ContactsPageTest">
    <failure type="org.openqa.selenium.NoSuchElementException" message="Unable to locate element: //td[contains(text(),&amp;apos;test2 test2&amp;apos;)]
For documentation on this error, please visit: http://seleniumhq.org/exceptions/no_such_element.html
Build info: version: &amp;apos;3.5.3&amp;apos;, revision: &amp;apos;a88d25fe6b&amp;apos;, time: &amp;apos;2017-08-29T12:42:44.417Z&amp;apos;
System info: host: &amp;apos;SYS&amp;apos;, ip: &amp;apos;192.168.0.102&amp;apos;, os.name: &amp;apos;Windows 7&amp;apos;, os.arch: &amp;apos;amd64&amp;apos;, os.version: &amp;apos;6.1&amp;apos;, java.version: &amp;apos;1.8.0_191&amp;apos;
Driver info: org.openqa.selenium.firefox.FirefoxDriver
Capabilities [{moz:profile=C:\Users\ADMIN\AppData\Local\Temp\rust_mozprofile.mBur807eK6mL, rotatable=false, moz:geckodriverVersion=0.24.0, timeouts={implicit=0, pageLoad=300000, script=30000}, pageLoadStrategy=normal, unhandledPromptBehavior=dismiss and notify, strictFileInteractability=false, moz:headless=false, platform=XP, moz:accessibilityChecks=false, moz:useNonSpecCompliantPointerOrigin=false, acceptInsecureCerts=false, browserVersion=70.0.1, moz:shutdownTimeout=60000, platformVersion=6.1, moz:processID=7644, browserName=firefox, moz:buildID=20191030021342, javascriptEnabled=true, platformName=XP, setWindowRect=true, moz:webdriverClick=true}]
Session ID: 8ca5760f-e59d-4f45-b5fc-f24bd4b10eca
*** Element info: {Using=xpath, value=//td[contains(text(),&amp;apos;test2 test2&amp;apos;)]}">
      <![CDATA[org.openqa.selenium.NoSuchElementException: Unable to locate element: //td[contains(text(),'test2 test2')]
For documentation on this error, please visit: http://seleniumhq.org/exceptions/no_such_element.html
Build info: version: '3.5.3', revision: 'a88d25fe6b', time: '2017-08-29T12:42:44.417Z'
System info: host: 'SYS', ip: '192.168.0.102', os.name: 'Windows 7', os.arch: 'amd64', os.version: '6.1', java.version: '1.8.0_191'
Driver info: org.openqa.selenium.firefox.FirefoxDriver
Capabilities [{moz:profile=C:\Users\ADMIN\AppData\Local\Temp\rust_mozprofile.mBur807eK6mL, rotatable=false, moz:geckodriverVersion=0.24.0, timeouts={implicit=0, pageLoad=300000, script=30000}, pageLoadStrategy=normal, unhandledPromptBehavior=dismiss and notify, strictFileInteractability=false, moz:headless=false, platform=XP, moz:accessibilityChecks=false, moz:useNonSpecCompliantPointerOrigin=false, acceptInsecureCerts=false, browserVersion=70.0.1, moz:shutdownTimeout=60000, platformVersion=6.1, moz:processID=7644, browserName=firefox, moz:buildID=20191030021342, javascriptEnabled=true, platformName=XP, setWindowRect=true, moz:webdriverClick=true}]
Session ID: 8ca5760f-e59d-4f45-b5fc-f24bd4b10eca
*** Element info: {Using=xpath, value=//td[contains(text(),'test2 test2')]}
	at org.openqa.selenium.remote.http.W3CHttpResponseCodec.createException(W3CHttpResponseCodec.java:185)
	at org.openqa.selenium.remote.http.W3CHttpResponseCodec.decode(W3CHttpResponseCodec.java:120)
	at org.openqa.selenium.remote.http.W3CHttpResponseCodec.decode(W3CHttpResponseCodec.java:49)
	at org.openqa.selenium.remote.HttpCommandExecutor.execute(HttpCommandExecutor.java:164)
	at org.openqa.selenium.remote.service.DriverCommandExecutor.execute(DriverCommandExecutor.java:82)
	at org.openqa.selenium.remote.RemoteWebDriver.execute(RemoteWebDriver.java:646)
	at org.openqa.selenium.remote.RemoteWebDriver.findElement(RemoteWebDriver.java:416)
	at org.openqa.selenium.remote.RemoteWebDriver.findElementByXPath(RemoteWebDriver.java:518)
	at org.openqa.selenium.By$ByXPath.findElement(By.java:361)
	at org.openqa.selenium.remote.RemoteWebDriver.findElement(RemoteWebDriver.java:408)
	at com.crm.qa.pages.ContactPage.selectcontactsByName(ContactPage.java:31)
	at com.crm.qa.testcases.ContactsPageTest.selectcontact(ContactsPageTest.java:43)
... Removed 29 stack frames]]>
    </failure>
  </testcase> <!-- selectcontact -->
  <testcase name="LoginTest" time="6.383" classname="com.crm.qa.testcases.LoginPageTest"/>
  <testcase name="VerifyContactsPageTest" time="2.869" classname="com.crm.qa.testcases.HomePageTest"/>
</testsuite> <!-- CRM test  cases -->
